<html xmlns:math="http://exslt.org/math" xmlns:testng="http://testng.org">
   <head>
      <title>TestNG Results</title>
      <meta http-equiv="content-type" content="text/html; charset=utf-8"></meta>
      <meta http-equiv="pragma" content="no-cache"></meta>
      <meta http-equiv="cache-control" content="max-age=0"></meta>
      <meta http-equiv="cache-control" content="no-cache"></meta>
      <meta http-equiv="cache-control" content="no-store"></meta>
      <LINK rel="stylesheet" href="style.css"></LINK>
      <script type="text/javascript" src="main.js"></script>
   </head>
   <body>
      <table width="100%" style="font-size: 16px; margin-bottom: 10px;" cellspacing="1">
         <tr>
            <td width="100%">
               Test case
               
               <b>TestOnEmulator1</b>
            </td>
            <td style="background-color: #FFBBBB; padding: 3px 3px 3px 0;" align="center">
               <div style="width: 50px;">1</div>
            </td>
            <td style="background-color: lightgreen; padding: 3px 3px 3px 0;" align="center">
               <div style="width: 50px;">1</div>
            </td>
            <td style="background-color: #FFFFBB; padding: 3px 3px 3px 0;" align="center">
               <div style="width: 50px;">1</div>
            </td>
            <td align="center" style="background-color: #eaf0f7; padding: 3px 3px 3px 0;">
               <div style="width: 50px;">3</div>
            </td>
            <td align="center"
                style="font-weight: bold; background-color: #eaf0f7; padding: 3px 3px 3px 0;">
               <div style="width: 50px;">33%</div>
            </td>
            <td style="background-color: #eaf0f7; padding: 3px 3px 3px 0;" align="center"
                nowrap="true">55s
               
            </td>
         </tr>
      </table>
      <div style="width: 200px;">
         <label for="groupMethodsCheckBox" style="font-weight: bold; margin: 0;">
            <input id="groupMethodsCheckBox" type="checkbox" onclick="switchTestMethodsView(this)"
                   checked=""></input>
            Group by class
            
         </label>
         <br></br>
         <label for="methodsFilter_ALL" style="font-weight: bold; margin: 0;">
            <input id="methodsFilter_ALL" type="checkbox"
                   onclick="testMethodsFilterChanged(this, 'ALL')"
                   checked=""></input>
            All
            
         </label>
      </div>
      <label for="methodsFilter_FAIL" style="margin-left: 20px;">
         <input id="methodsFilter_FAIL" type="checkbox"
                onclick="testMethodsFilterChanged(this, 'FAIL')"
                checked=""></input>
         Failed
         
      </label>
      <label for="methodsFilter_PASS">
         <input id="methodsFilter_PASS" type="checkbox"
                onclick="testMethodsFilterChanged(this, 'PASS')"
                checked=""></input>
         Passed
         
      </label>
      <label for="methodsFilter_SKIP">
         <input id="methodsFilter_SKIP" type="checkbox"
                onclick="testMethodsFilterChanged(this, 'SKIP')"
                checked=""></input>
         Skipped
         
      </label>
      <label for="methodsFilter_CONF">
         <input id="methodsFilter_CONF" type="checkbox"
                onclick="testMethodsFilterChanged(this, 'CONF')"
                checked=""></input>
         Config
         
      </label>
      <br></br>
      <div id="testMethodsByStatus" style="display: none;">
         <table class="testMethodsTable" cellpadding="0" cellspacing="0">
            <tr class="methodsTableHeader">
               <td width="100%">Name</td>
               <td nowrap="true">Started</td>
               <td nowrap="true">Duration</td>
               <td>Exception</td>
            </tr>
            <tr id="com.app.android.AndroidTest_validateInvalidEmail_byStatus_failed_FAIL1_row"
                class="testMethodStatusFAIL">
               <td width="100%" class="firstMethodCell">
                  <a onclick="toggleDetailsVisibility('com.app.android.AndroidTest_validateInvalidEmail_byStatus_failed_FAIL1_details')">validateInvalidEmail(testuser
                     
                     ,
                     
                     testpassword)
                  </a>
               </td>
               <td nowrap="true">00:47:29</td>
               <td nowrap="true" align="right">183 ms
                  
               </td>
               <td nowrap="true">
                  <a onclick="toggleDetailsVisibility('com.app.android.AndroidTest_validateInvalidEmail_byStatus_failed_FAIL1_exception')">org.openqa.selenium.NoSuchElementException: 
                     An element could not be located on the page using the given search parameters. (WARNING: The server did not provide any stacktrace
                     information)
                     Command duration or timeout: 166 milliseconds
                     For documentation on this error, please visit: http://seleniumhq.org/exceptions/no_such_element.html
                     Build info: version: 'unknown', revision: '2aa21c1', time: '2016-08-02 14:59:43 -0700'
                     System info: host: 'PHL18DLLP72', ip: '192.168.100.107', os.name: 'Windows 7', os.arch: 'amd64', os.version: '6.1', java.version:
                     '1.8.0_101'
                     Driver info: io.appium.java_client.android.AndroidDriver
                     Capabilities [{app=C:\\Users\\ukumar\\Desktop\\Appium\\de.komoot.android-7.2.8-www.APK4Fun.com.apk, networkConnectionEnabled=true,
                     warnings={}, databaseEnabled=false, deviceName=emulator-5554, platform=ANDROID, desired={app=C:\\Users\\ukumar\\Desktop\\Appium\\de.komoot.android-7.2.8-www.APK4Fun.com.apk,
                     newCommandTimeout=30, platformName=Android, deviceName=AndroidDevice, platform=ANDROID}, newCommandTimeout=30, platformVersion=5.0.2,
                     webStorageEnabled=false, locationContextEnabled=false, browserName=Android, takesScreenshot=true, javascriptEnabled=true,
                     platformName=Android}]
                     Session ID: 920eebfe-48e8-420a-86d4-0fc88695a054
                     *** Element info: {Using=id, value=de.komoot.android:id/textview_login}
                     
                  </a>
                   
                  
               </td>
            </tr>
            <tr>
               <td colspan="4" class="detailsBox">
                  <div id="com.app.android.AndroidTest_validateInvalidEmail_byStatus_failed_FAIL1_details"
                       class="testMethodDetails">
                     <div>
                        <b>Name: </b>validateInvalidEmail
                     </div>
                     <div>
                        <b>Signature: </b>validateInvalidEmail(java.lang.String, java.lang.String)[pri:0, instance:com.app.android.AndroidTest@737996a0]
                     </div>
                     <div>
                        <b>Parameters: </b>
                        
                        testuser
                        
                        ,
                        
                        testpassword
                        
                        
                     </div>
                     <div>
                        <b>Start time: </b>00:47:29
                     </div>
                     <div>
                        <b>End time: </b>00:47:29
                     </div>
                     <div>
                        <b>Duration: </b>183 ms
                        
                     </div>
                  </div>
               </td>
            </tr>
            <tr>
               <td colspan="4" class="detailsBox">
                  <div id="com.app.android.AndroidTest_validateInvalidEmail_byStatus_failed_FAIL1_exception"
                       class="testMethodDetails">
                     <pre style="padding: 5px; margin: 0;">org.openqa.selenium.NoSuchElementException: An element could not be located on the page using the given search parameters.
                        (WARNING: The server did not provide any stacktrace information)
                        Command duration or timeout: 166 milliseconds
                        For documentation on this error, please visit: http://seleniumhq.org/exceptions/no_such_element.html
                        Build info: version: 'unknown', revision: '2aa21c1', time: '2016-08-02 14:59:43 -0700'
                        System info: host: 'PHL18DLLP72', ip: '192.168.100.107', os.name: 'Windows 7', os.arch: 'amd64', os.version: '6.1', java.version:
                        '1.8.0_101'
                        Driver info: io.appium.java_client.android.AndroidDriver
                        Capabilities [{app=C:\\Users\\ukumar\\Desktop\\Appium\\de.komoot.android-7.2.8-www.APK4Fun.com.apk, networkConnectionEnabled=true,
                        warnings={}, databaseEnabled=false, deviceName=emulator-5554, platform=ANDROID, desired={app=C:\\Users\\ukumar\\Desktop\\Appium\\de.komoot.android-7.2.8-www.APK4Fun.com.apk,
                        newCommandTimeout=30, platformName=Android, deviceName=AndroidDevice, platform=ANDROID}, newCommandTimeout=30, platformVersion=5.0.2,
                        webStorageEnabled=false, locationContextEnabled=false, browserName=Android, takesScreenshot=true, javascriptEnabled=true,
                        platformName=Android}]
                        Session ID: 920eebfe-48e8-420a-86d4-0fc88695a054
                        *** Element info: {Using=id, value=de.komoot.android:id/textview_login}
                        	at sun.reflect.NativeConstructorAccessorImpl.newInstance0(Native Method)
                        	at sun.reflect.NativeConstructorAccessorImpl.newInstance(Unknown Source)
                        	at sun.reflect.DelegatingConstructorAccessorImpl.newInstance(Unknown Source)
                        	at java.lang.reflect.Constructor.newInstance(Unknown Source)
                        	at org.openqa.selenium.remote.ErrorHandler.createThrowable(ErrorHandler.java:206)
                        	at org.openqa.selenium.remote.ErrorHandler.throwIfResponseFailed(ErrorHandler.java:158)
                        	at org.openqa.selenium.remote.RemoteWebDriver.execute(RemoteWebDriver.java:683)
                        	at io.appium.java_client.DefaultGenericMobileDriver.execute(DefaultGenericMobileDriver.java:42)
                        	at io.appium.java_client.AppiumDriver.execute(AppiumDriver.java:1)
                        	at io.appium.java_client.android.AndroidDriver.execute(AndroidDriver.java:1)
                        	at org.openqa.selenium.remote.RemoteWebDriver.findElement(RemoteWebDriver.java:377)
                        	at org.openqa.selenium.remote.RemoteWebDriver.findElementById(RemoteWebDriver.java:427)
                        	at io.appium.java_client.DefaultGenericMobileDriver.findElementById(DefaultGenericMobileDriver.java:62)
                        	at io.appium.java_client.AppiumDriver.findElementById(AppiumDriver.java:1)
                        	at io.appium.java_client.android.AndroidDriver.findElementById(AndroidDriver.java:1)
                        	at org.openqa.selenium.By$ById.findElement(By.java:218)
                        	at org.openqa.selenium.remote.RemoteWebDriver.findElement(RemoteWebDriver.java:369)
                        	at io.appium.java_client.DefaultGenericMobileDriver.findElement(DefaultGenericMobileDriver.java:52)
                        	at io.appium.java_client.AppiumDriver.findElement(AppiumDriver.java:1)
                        	at io.appium.java_client.android.AndroidDriver.findElement(AndroidDriver.java:1)
                        	at org.openqa.selenium.support.pagefactory.DefaultElementLocator.findElement(DefaultElementLocator.java:69)
                        	at org.openqa.selenium.support.pagefactory.internal.LocatingElementHandler.invoke(LocatingElementHandler.java:38)
                        	at com.sun.proxy.$Proxy9.click(Unknown Source)
                        	at com.app.POM.FirstLandingScreen.clickLoginHere(FirstLandingScreen.java:104)
                        	at com.app.android.AndroidTest.validateInvalidEmail(AndroidTest.java:154)
                        	at sun.reflect.NativeMethodAccessorImpl.invoke0(Native Method)
                        	at sun.reflect.NativeMethodAccessorImpl.invoke(Unknown Source)
                        	at sun.reflect.DelegatingMethodAccessorImpl.invoke(Unknown Source)
                        	at java.lang.reflect.Method.invoke(Unknown Source)
                        	at org.testng.internal.MethodInvocationHelper.invokeMethod(MethodInvocationHelper.java:85)
                        	at org.testng.internal.Invoker.invokeMethod(Invoker.java:639)
                        	at org.testng.internal.Invoker.retryFailed(Invoker.java:963)
                        	at org.testng.internal.Invoker.invokeTestMethods(Invoker.java:1142)
                        	at org.testng.internal.TestMethodWorker.invokeTestMethods(TestMethodWorker.java:125)
                        	at org.testng.internal.TestMethodWorker.run(TestMethodWorker.java:108)
                        	at org.testng.TestRunner.privateRun(TestRunner.java:774)
                        	at org.testng.TestRunner.run(TestRunner.java:624)
                        	at org.testng.SuiteRunner.runTest(SuiteRunner.java:359)
                        	at org.testng.SuiteRunner.access$000(SuiteRunner.java:39)
                        	at org.testng.SuiteRunner$SuiteWorker.run(SuiteRunner.java:393)
                        	at org.testng.internal.thread.ThreadUtil$2.call(ThreadUtil.java:64)
                        	at java.util.concurrent.FutureTask.run(Unknown Source)
                        	at java.util.concurrent.ThreadPoolExecutor.runWorker(Unknown Source)
                        	at java.util.concurrent.ThreadPoolExecutor$Worker.run(Unknown Source)
                        	at java.lang.Thread.run(Unknown Source)
                     </pre>
                  </div>
               </td>
            </tr>
            <tr id="com.app.android.AndroidTest_setup_byStatus_passed_PASS1_row"
                class="testMethodStatusPASS testMethodStatusCONF">
               <td width="100%" class="firstMethodCell">
                  <a onclick="toggleDetailsVisibility('com.app.android.AndroidTest_setup_byStatus_passed_PASS1_details')">setup(http://127.0.0.1:4723/wd/hub
                     
                     ,
                     
                     C:\\Users\\ukumar\\Desktop\\Appium\\de.komoot.android-7.2.8-www.APK4Fun.com.apk)
                  </a>
               </td>
               <td nowrap="true">00:46:37</td>
               <td nowrap="true" align="right">23s
                  
               </td>
               <td nowrap="true">
                   
                  
               </td>
            </tr>
            <tr>
               <td colspan="4" class="detailsBox">
                  <div id="com.app.android.AndroidTest_setup_byStatus_passed_PASS1_details"
                       class="testMethodDetails">
                     <div>
                        <b>Name: </b>setup
                     </div>
                     <div>
                        <b>Signature: </b>setup(java.lang.String, java.lang.String)[pri:0, instance:com.app.android.AndroidTest@737996a0]
                     </div>
                     <div>
                        <b>Parameters: </b>
                        
                        http://127.0.0.1:4723/wd/hub
                        
                        ,
                        
                        C:\\Users\\ukumar\\Desktop\\Appium\\de.komoot.android-7.2.8-www.APK4Fun.com.apk
                        
                        
                     </div>
                     <div>
                        <b>Start time: </b>00:46:37
                     </div>
                     <div>
                        <b>End time: </b>00:47:00
                     </div>
                     <div>
                        <b>Duration: </b>23s
                        
                     </div>
                  </div>
               </td>
            </tr>
            <tr></tr>
            <tr id="com.app.android.AndroidTest_SecondTestCase_byStatus_passed_PASS2_row"
                class="testMethodStatusPASS">
               <td width="100%" class="firstMethodCell">
                  <a onclick="toggleDetailsVisibility('com.app.android.AndroidTest_SecondTestCase_byStatus_passed_PASS2_details')">SecondTestCase(testuser
                     
                     ,
                     
                     testpassword)
                  </a>
               </td>
               <td nowrap="true">00:47:01</td>
               <td nowrap="true" align="right">25s
                  
               </td>
               <td nowrap="true">
                   
                  
               </td>
            </tr>
            <tr>
               <td colspan="4" class="detailsBox">
                  <div id="com.app.android.AndroidTest_SecondTestCase_byStatus_passed_PASS2_details"
                       class="testMethodDetails">
                     <div>
                        <b>Name: </b>SecondTestCase
                     </div>
                     <div>
                        <b>Signature: </b>SecondTestCase(java.lang.String, java.lang.String)[pri:0, instance:com.app.android.AndroidTest@737996a0]
                     </div>
                     <div>
                        <b>Parameters: </b>
                        
                        testuser
                        
                        ,
                        
                        testpassword
                        
                        
                     </div>
                     <div>
                        <b>Start time: </b>00:47:01
                     </div>
                     <div>
                        <b>End time: </b>00:47:26
                     </div>
                     <div>
                        <b>Duration: </b>25s
                        
                     </div>
                  </div>
               </td>
            </tr>
            <tr></tr>
            <tr id="com.app.android.AndroidTest_tearDown_byStatus_passed_PASS3_row"
                class="testMethodStatusPASS testMethodStatusCONF">
               <td width="100%" class="firstMethodCell">
                  <a onclick="toggleDetailsVisibility('com.app.android.AndroidTest_tearDown_byStatus_passed_PASS3_details')">tearDown()</a>
               </td>
               <td nowrap="true">00:47:31</td>
               <td nowrap="true" align="right">1s
                  
               </td>
               <td nowrap="true">
                   
                  
               </td>
            </tr>
            <tr>
               <td colspan="4" class="detailsBox">
                  <div id="com.app.android.AndroidTest_tearDown_byStatus_passed_PASS3_details"
                       class="testMethodDetails">
                     <div>
                        <b>Name: </b>tearDown
                     </div>
                     <div>
                        <b>Signature: </b>tearDown()[pri:0, instance:com.app.android.AndroidTest@737996a0]
                     </div>
                     <div>
                        <b>Start time: </b>00:47:31
                     </div>
                     <div>
                        <b>End time: </b>00:47:32
                     </div>
                     <div>
                        <b>Duration: </b>1s
                        
                     </div>
                  </div>
               </td>
            </tr>
            <tr></tr>
            <tr id="com.app.android.AndroidTest_validateInvalidEmail_byStatus_skiped_SKIP1_row"
                class="testMethodStatusSKIP">
               <td width="100%" class="firstMethodCell">
                  <a onclick="toggleDetailsVisibility('com.app.android.AndroidTest_validateInvalidEmail_byStatus_skiped_SKIP1_details')">validateInvalidEmail(testuser
                     
                     ,
                     
                     testpassword)
                  </a>
               </td>
               <td nowrap="true">00:47:29</td>
               <td nowrap="true" align="right">361 ms
                  
               </td>
               <td nowrap="true">
                  <a onclick="toggleDetailsVisibility('com.app.android.AndroidTest_validateInvalidEmail_byStatus_skiped_SKIP1_exception')">org.openqa.selenium.NoSuchElementException: 
                     An element could not be located on the page using the given search parameters. (WARNING: The server did not provide any stacktrace
                     information)
                     Command duration or timeout: 331 milliseconds
                     For documentation on this error, please visit: http://seleniumhq.org/exceptions/no_such_element.html
                     Build info: version: 'unknown', revision: '2aa21c1', time: '2016-08-02 14:59:43 -0700'
                     System info: host: 'PHL18DLLP72', ip: '192.168.100.107', os.name: 'Windows 7', os.arch: 'amd64', os.version: '6.1', java.version:
                     '1.8.0_101'
                     Driver info: io.appium.java_client.android.AndroidDriver
                     Capabilities [{app=C:\\Users\\ukumar\\Desktop\\Appium\\de.komoot.android-7.2.8-www.APK4Fun.com.apk, networkConnectionEnabled=true,
                     warnings={}, databaseEnabled=false, deviceName=emulator-5554, platform=ANDROID, desired={app=C:\\Users\\ukumar\\Desktop\\Appium\\de.komoot.android-7.2.8-www.APK4Fun.com.apk,
                     newCommandTimeout=30, platformName=Android, deviceName=AndroidDevice, platform=ANDROID}, newCommandTimeout=30, platformVersion=5.0.2,
                     webStorageEnabled=false, locationContextEnabled=false, browserName=Android, takesScreenshot=true, javascriptEnabled=true,
                     platformName=Android}]
                     Session ID: 920eebfe-48e8-420a-86d4-0fc88695a054
                     *** Element info: {Using=id, value=de.komoot.android:id/textview_login}
                     
                  </a>
                   
                  
               </td>
            </tr>
            <tr>
               <td colspan="4" class="detailsBox">
                  <div id="com.app.android.AndroidTest_validateInvalidEmail_byStatus_skiped_SKIP1_details"
                       class="testMethodDetails">
                     <div>
                        <b>Name: </b>validateInvalidEmail
                     </div>
                     <div>
                        <b>Signature: </b>validateInvalidEmail(java.lang.String, java.lang.String)[pri:0, instance:com.app.android.AndroidTest@737996a0]
                     </div>
                     <div>
                        <b>Parameters: </b>
                        
                        testuser
                        
                        ,
                        
                        testpassword
                        
                        
                     </div>
                     <div>
                        <b>Start time: </b>00:47:29
                     </div>
                     <div>
                        <b>End time: </b>00:47:29
                     </div>
                     <div>
                        <b>Duration: </b>361 ms
                        
                     </div>
                  </div>
               </td>
            </tr>
            <tr>
               <td colspan="4" class="detailsBox">
                  <div id="com.app.android.AndroidTest_validateInvalidEmail_byStatus_skiped_SKIP1_exception"
                       class="testMethodDetails">
                     <pre style="padding: 5px; margin: 0;">org.openqa.selenium.NoSuchElementException: An element could not be located on the page using the given search parameters.
                        (WARNING: The server did not provide any stacktrace information)
                        Command duration or timeout: 331 milliseconds
                        For documentation on this error, please visit: http://seleniumhq.org/exceptions/no_such_element.html
                        Build info: version: 'unknown', revision: '2aa21c1', time: '2016-08-02 14:59:43 -0700'
                        System info: host: 'PHL18DLLP72', ip: '192.168.100.107', os.name: 'Windows 7', os.arch: 'amd64', os.version: '6.1', java.version:
                        '1.8.0_101'
                        Driver info: io.appium.java_client.android.AndroidDriver
                        Capabilities [{app=C:\\Users\\ukumar\\Desktop\\Appium\\de.komoot.android-7.2.8-www.APK4Fun.com.apk, networkConnectionEnabled=true,
                        warnings={}, databaseEnabled=false, deviceName=emulator-5554, platform=ANDROID, desired={app=C:\\Users\\ukumar\\Desktop\\Appium\\de.komoot.android-7.2.8-www.APK4Fun.com.apk,
                        newCommandTimeout=30, platformName=Android, deviceName=AndroidDevice, platform=ANDROID}, newCommandTimeout=30, platformVersion=5.0.2,
                        webStorageEnabled=false, locationContextEnabled=false, browserName=Android, takesScreenshot=true, javascriptEnabled=true,
                        platformName=Android}]
                        Session ID: 920eebfe-48e8-420a-86d4-0fc88695a054
                        *** Element info: {Using=id, value=de.komoot.android:id/textview_login}
                        	at sun.reflect.NativeConstructorAccessorImpl.newInstance0(Native Method)
                        	at sun.reflect.NativeConstructorAccessorImpl.newInstance(Unknown Source)
                        	at sun.reflect.DelegatingConstructorAccessorImpl.newInstance(Unknown Source)
                        	at java.lang.reflect.Constructor.newInstance(Unknown Source)
                        	at org.openqa.selenium.remote.ErrorHandler.createThrowable(ErrorHandler.java:206)
                        	at org.openqa.selenium.remote.ErrorHandler.throwIfResponseFailed(ErrorHandler.java:158)
                        	at org.openqa.selenium.remote.RemoteWebDriver.execute(RemoteWebDriver.java:683)
                        	at io.appium.java_client.DefaultGenericMobileDriver.execute(DefaultGenericMobileDriver.java:42)
                        	at io.appium.java_client.AppiumDriver.execute(AppiumDriver.java:1)
                        	at io.appium.java_client.android.AndroidDriver.execute(AndroidDriver.java:1)
                        	at org.openqa.selenium.remote.RemoteWebDriver.findElement(RemoteWebDriver.java:377)
                        	at org.openqa.selenium.remote.RemoteWebDriver.findElementById(RemoteWebDriver.java:427)
                        	at io.appium.java_client.DefaultGenericMobileDriver.findElementById(DefaultGenericMobileDriver.java:62)
                        	at io.appium.java_client.AppiumDriver.findElementById(AppiumDriver.java:1)
                        	at io.appium.java_client.android.AndroidDriver.findElementById(AndroidDriver.java:1)
                        	at org.openqa.selenium.By$ById.findElement(By.java:218)
                        	at org.openqa.selenium.remote.RemoteWebDriver.findElement(RemoteWebDriver.java:369)
                        	at io.appium.java_client.DefaultGenericMobileDriver.findElement(DefaultGenericMobileDriver.java:52)
                        	at io.appium.java_client.AppiumDriver.findElement(AppiumDriver.java:1)
                        	at io.appium.java_client.android.AndroidDriver.findElement(AndroidDriver.java:1)
                        	at org.openqa.selenium.support.pagefactory.DefaultElementLocator.findElement(DefaultElementLocator.java:69)
                        	at org.openqa.selenium.support.pagefactory.internal.LocatingElementHandler.invoke(LocatingElementHandler.java:38)
                        	at com.sun.proxy.$Proxy9.click(Unknown Source)
                        	at com.app.POM.FirstLandingScreen.clickLoginHere(FirstLandingScreen.java:104)
                        	at com.app.android.AndroidTest.validateInvalidEmail(AndroidTest.java:154)
                        	at sun.reflect.NativeMethodAccessorImpl.invoke0(Native Method)
                        	at sun.reflect.NativeMethodAccessorImpl.invoke(Unknown Source)
                        	at sun.reflect.DelegatingMethodAccessorImpl.invoke(Unknown Source)
                        	at java.lang.reflect.Method.invoke(Unknown Source)
                        	at org.testng.internal.MethodInvocationHelper.invokeMethod(MethodInvocationHelper.java:85)
                        	at org.testng.internal.Invoker.invokeMethod(Invoker.java:639)
                        	at org.testng.internal.Invoker.invokeTestMethod(Invoker.java:816)
                        	at org.testng.internal.Invoker.invokeTestMethods(Invoker.java:1124)
                        	at org.testng.internal.TestMethodWorker.invokeTestMethods(TestMethodWorker.java:125)
                        	at org.testng.internal.TestMethodWorker.run(TestMethodWorker.java:108)
                        	at org.testng.TestRunner.privateRun(TestRunner.java:774)
                        	at org.testng.TestRunner.run(TestRunner.java:624)
                        	at org.testng.SuiteRunner.runTest(SuiteRunner.java:359)
                        	at org.testng.SuiteRunner.access$000(SuiteRunner.java:39)
                        	at org.testng.SuiteRunner$SuiteWorker.run(SuiteRunner.java:393)
                        	at org.testng.internal.thread.ThreadUtil$2.call(ThreadUtil.java:64)
                        	at java.util.concurrent.FutureTask.run(Unknown Source)
                        	at java.util.concurrent.ThreadPoolExecutor.runWorker(Unknown Source)
                        	at java.util.concurrent.ThreadPoolExecutor$Worker.run(Unknown Source)
                        	at java.lang.Thread.run(Unknown Source)
                     </pre>
                  </div>
               </td>
            </tr>
         </table>
      </div>
      <div id="testMethodsByClass">
         <table class="testMethodsTable" cellpadding="0" cellspacing="0">
            <tr>
               <td colspan="4">
                  <h3 style="display: inline;">com.app.android.AndroidTest</h3>
               </td>
            </tr>
            <tr class="methodsTableHeader">
               <td width="100%">Name</td>
               <td nowrap="true">Started</td>
               <td nowrap="true">Duration</td>
               <td>Exception</td>
            </tr>
            <tr id="com.app.android.AndroidTest_setup_byClass_PASS1_row"
                class="testMethodStatusPASS testMethodStatusCONF">
               <td width="100%" class="firstMethodCell">
                  <a onclick="toggleDetailsVisibility('com.app.android.AndroidTest_setup_byClass_PASS1_details')">setup(http://127.0.0.1:4723/wd/hub
                     
                     ,
                     
                     C:\\Users\\ukumar\\Desktop\\Appium\\de.komoot.android-7.2.8-www.APK4Fun.com.apk)
                  </a>
               </td>
               <td nowrap="true">00:46:37</td>
               <td nowrap="true" align="right">23s
                  
               </td>
               <td nowrap="true">
                   
                  
               </td>
            </tr>
            <tr>
               <td colspan="4" class="detailsBox">
                  <div id="com.app.android.AndroidTest_setup_byClass_PASS1_details"
                       class="testMethodDetails">
                     <div>
                        <b>Name: </b>setup
                     </div>
                     <div>
                        <b>Signature: </b>setup(java.lang.String, java.lang.String)[pri:0, instance:com.app.android.AndroidTest@737996a0]
                     </div>
                     <div>
                        <b>Parameters: </b>
                        
                        http://127.0.0.1:4723/wd/hub
                        
                        ,
                        
                        C:\\Users\\ukumar\\Desktop\\Appium\\de.komoot.android-7.2.8-www.APK4Fun.com.apk
                        
                        
                     </div>
                     <div>
                        <b>Start time: </b>00:46:37
                     </div>
                     <div>
                        <b>End time: </b>00:47:00
                     </div>
                     <div>
                        <b>Duration: </b>23s
                        
                     </div>
                  </div>
               </td>
            </tr>
            <tr></tr>
            <tr id="com.app.android.AndroidTest_SecondTestCase_byClass_PASS2_row"
                class="testMethodStatusPASS">
               <td width="100%" class="firstMethodCell">
                  <a onclick="toggleDetailsVisibility('com.app.android.AndroidTest_SecondTestCase_byClass_PASS2_details')">SecondTestCase(testuser
                     
                     ,
                     
                     testpassword)
                  </a>
               </td>
               <td nowrap="true">00:47:01</td>
               <td nowrap="true" align="right">25s
                  
               </td>
               <td nowrap="true">
                   
                  
               </td>
            </tr>
            <tr>
               <td colspan="4" class="detailsBox">
                  <div id="com.app.android.AndroidTest_SecondTestCase_byClass_PASS2_details"
                       class="testMethodDetails">
                     <div>
                        <b>Name: </b>SecondTestCase
                     </div>
                     <div>
                        <b>Signature: </b>SecondTestCase(java.lang.String, java.lang.String)[pri:0, instance:com.app.android.AndroidTest@737996a0]
                     </div>
                     <div>
                        <b>Parameters: </b>
                        
                        testuser
                        
                        ,
                        
                        testpassword
                        
                        
                     </div>
                     <div>
                        <b>Start time: </b>00:47:01
                     </div>
                     <div>
                        <b>End time: </b>00:47:26
                     </div>
                     <div>
                        <b>Duration: </b>25s
                        
                     </div>
                  </div>
               </td>
            </tr>
            <tr></tr>
            <tr id="com.app.android.AndroidTest_validateInvalidEmail_byClass_SKIP3_row"
                class="testMethodStatusSKIP">
               <td width="100%" class="firstMethodCell">
                  <a onclick="toggleDetailsVisibility('com.app.android.AndroidTest_validateInvalidEmail_byClass_SKIP3_details')">validateInvalidEmail(testuser
                     
                     ,
                     
                     testpassword)
                  </a>
               </td>
               <td nowrap="true">00:47:29</td>
               <td nowrap="true" align="right">361 ms
                  
               </td>
               <td nowrap="true">
                  <a onclick="toggleDetailsVisibility('com.app.android.AndroidTest_validateInvalidEmail_byClass_SKIP3_exception')">org.openqa.selenium.NoSuchElementException: 
                     An element could not be located on the page using the given search parameters. (WARNING: The server did not provide any stacktrace
                     information)
                     Command duration or timeout: 331 milliseconds
                     For documentation on this error, please visit: http://seleniumhq.org/exceptions/no_such_element.html
                     Build info: version: 'unknown', revision: '2aa21c1', time: '2016-08-02 14:59:43 -0700'
                     System info: host: 'PHL18DLLP72', ip: '192.168.100.107', os.name: 'Windows 7', os.arch: 'amd64', os.version: '6.1', java.version:
                     '1.8.0_101'
                     Driver info: io.appium.java_client.android.AndroidDriver
                     Capabilities [{app=C:\\Users\\ukumar\\Desktop\\Appium\\de.komoot.android-7.2.8-www.APK4Fun.com.apk, networkConnectionEnabled=true,
                     warnings={}, databaseEnabled=false, deviceName=emulator-5554, platform=ANDROID, desired={app=C:\\Users\\ukumar\\Desktop\\Appium\\de.komoot.android-7.2.8-www.APK4Fun.com.apk,
                     newCommandTimeout=30, platformName=Android, deviceName=AndroidDevice, platform=ANDROID}, newCommandTimeout=30, platformVersion=5.0.2,
                     webStorageEnabled=false, locationContextEnabled=false, browserName=Android, takesScreenshot=true, javascriptEnabled=true,
                     platformName=Android}]
                     Session ID: 920eebfe-48e8-420a-86d4-0fc88695a054
                     *** Element info: {Using=id, value=de.komoot.android:id/textview_login}
                     
                  </a>
                   
                  
               </td>
            </tr>
            <tr>
               <td colspan="4" class="detailsBox">
                  <div id="com.app.android.AndroidTest_validateInvalidEmail_byClass_SKIP3_details"
                       class="testMethodDetails">
                     <div>
                        <b>Name: </b>validateInvalidEmail
                     </div>
                     <div>
                        <b>Signature: </b>validateInvalidEmail(java.lang.String, java.lang.String)[pri:0, instance:com.app.android.AndroidTest@737996a0]
                     </div>
                     <div>
                        <b>Parameters: </b>
                        
                        testuser
                        
                        ,
                        
                        testpassword
                        
                        
                     </div>
                     <div>
                        <b>Start time: </b>00:47:29
                     </div>
                     <div>
                        <b>End time: </b>00:47:29
                     </div>
                     <div>
                        <b>Duration: </b>361 ms
                        
                     </div>
                  </div>
               </td>
            </tr>
            <tr>
               <td colspan="4" class="detailsBox">
                  <div id="com.app.android.AndroidTest_validateInvalidEmail_byClass_SKIP3_exception"
                       class="testMethodDetails">
                     <pre style="padding: 5px; margin: 0;">org.openqa.selenium.NoSuchElementException: An element could not be located on the page using the given search parameters.
                        (WARNING: The server did not provide any stacktrace information)
                        Command duration or timeout: 331 milliseconds
                        For documentation on this error, please visit: http://seleniumhq.org/exceptions/no_such_element.html
                        Build info: version: 'unknown', revision: '2aa21c1', time: '2016-08-02 14:59:43 -0700'
                        System info: host: 'PHL18DLLP72', ip: '192.168.100.107', os.name: 'Windows 7', os.arch: 'amd64', os.version: '6.1', java.version:
                        '1.8.0_101'
                        Driver info: io.appium.java_client.android.AndroidDriver
                        Capabilities [{app=C:\\Users\\ukumar\\Desktop\\Appium\\de.komoot.android-7.2.8-www.APK4Fun.com.apk, networkConnectionEnabled=true,
                        warnings={}, databaseEnabled=false, deviceName=emulator-5554, platform=ANDROID, desired={app=C:\\Users\\ukumar\\Desktop\\Appium\\de.komoot.android-7.2.8-www.APK4Fun.com.apk,
                        newCommandTimeout=30, platformName=Android, deviceName=AndroidDevice, platform=ANDROID}, newCommandTimeout=30, platformVersion=5.0.2,
                        webStorageEnabled=false, locationContextEnabled=false, browserName=Android, takesScreenshot=true, javascriptEnabled=true,
                        platformName=Android}]
                        Session ID: 920eebfe-48e8-420a-86d4-0fc88695a054
                        *** Element info: {Using=id, value=de.komoot.android:id/textview_login}
                        	at sun.reflect.NativeConstructorAccessorImpl.newInstance0(Native Method)
                        	at sun.reflect.NativeConstructorAccessorImpl.newInstance(Unknown Source)
                        	at sun.reflect.DelegatingConstructorAccessorImpl.newInstance(Unknown Source)
                        	at java.lang.reflect.Constructor.newInstance(Unknown Source)
                        	at org.openqa.selenium.remote.ErrorHandler.createThrowable(ErrorHandler.java:206)
                        	at org.openqa.selenium.remote.ErrorHandler.throwIfResponseFailed(ErrorHandler.java:158)
                        	at org.openqa.selenium.remote.RemoteWebDriver.execute(RemoteWebDriver.java:683)
                        	at io.appium.java_client.DefaultGenericMobileDriver.execute(DefaultGenericMobileDriver.java:42)
                        	at io.appium.java_client.AppiumDriver.execute(AppiumDriver.java:1)
                        	at io.appium.java_client.android.AndroidDriver.execute(AndroidDriver.java:1)
                        	at org.openqa.selenium.remote.RemoteWebDriver.findElement(RemoteWebDriver.java:377)
                        	at org.openqa.selenium.remote.RemoteWebDriver.findElementById(RemoteWebDriver.java:427)
                        	at io.appium.java_client.DefaultGenericMobileDriver.findElementById(DefaultGenericMobileDriver.java:62)
                        	at io.appium.java_client.AppiumDriver.findElementById(AppiumDriver.java:1)
                        	at io.appium.java_client.android.AndroidDriver.findElementById(AndroidDriver.java:1)
                        	at org.openqa.selenium.By$ById.findElement(By.java:218)
                        	at org.openqa.selenium.remote.RemoteWebDriver.findElement(RemoteWebDriver.java:369)
                        	at io.appium.java_client.DefaultGenericMobileDriver.findElement(DefaultGenericMobileDriver.java:52)
                        	at io.appium.java_client.AppiumDriver.findElement(AppiumDriver.java:1)
                        	at io.appium.java_client.android.AndroidDriver.findElement(AndroidDriver.java:1)
                        	at org.openqa.selenium.support.pagefactory.DefaultElementLocator.findElement(DefaultElementLocator.java:69)
                        	at org.openqa.selenium.support.pagefactory.internal.LocatingElementHandler.invoke(LocatingElementHandler.java:38)
                        	at com.sun.proxy.$Proxy9.click(Unknown Source)
                        	at com.app.POM.FirstLandingScreen.clickLoginHere(FirstLandingScreen.java:104)
                        	at com.app.android.AndroidTest.validateInvalidEmail(AndroidTest.java:154)
                        	at sun.reflect.NativeMethodAccessorImpl.invoke0(Native Method)
                        	at sun.reflect.NativeMethodAccessorImpl.invoke(Unknown Source)
                        	at sun.reflect.DelegatingMethodAccessorImpl.invoke(Unknown Source)
                        	at java.lang.reflect.Method.invoke(Unknown Source)
                        	at org.testng.internal.MethodInvocationHelper.invokeMethod(MethodInvocationHelper.java:85)
                        	at org.testng.internal.Invoker.invokeMethod(Invoker.java:639)
                        	at org.testng.internal.Invoker.invokeTestMethod(Invoker.java:816)
                        	at org.testng.internal.Invoker.invokeTestMethods(Invoker.java:1124)
                        	at org.testng.internal.TestMethodWorker.invokeTestMethods(TestMethodWorker.java:125)
                        	at org.testng.internal.TestMethodWorker.run(TestMethodWorker.java:108)
                        	at org.testng.TestRunner.privateRun(TestRunner.java:774)
                        	at org.testng.TestRunner.run(TestRunner.java:624)
                        	at org.testng.SuiteRunner.runTest(SuiteRunner.java:359)
                        	at org.testng.SuiteRunner.access$000(SuiteRunner.java:39)
                        	at org.testng.SuiteRunner$SuiteWorker.run(SuiteRunner.java:393)
                        	at org.testng.internal.thread.ThreadUtil$2.call(ThreadUtil.java:64)
                        	at java.util.concurrent.FutureTask.run(Unknown Source)
                        	at java.util.concurrent.ThreadPoolExecutor.runWorker(Unknown Source)
                        	at java.util.concurrent.ThreadPoolExecutor$Worker.run(Unknown Source)
                        	at java.lang.Thread.run(Unknown Source)
                     </pre>
                  </div>
               </td>
            </tr>
            <tr id="com.app.android.AndroidTest_validateInvalidEmail_byClass_FAIL4_row"
                class="testMethodStatusFAIL">
               <td width="100%" class="firstMethodCell">
                  <a onclick="toggleDetailsVisibility('com.app.android.AndroidTest_validateInvalidEmail_byClass_FAIL4_details')">validateInvalidEmail(testuser
                     
                     ,
                     
                     testpassword)
                  </a>
               </td>
               <td nowrap="true">00:47:29</td>
               <td nowrap="true" align="right">183 ms
                  
               </td>
               <td nowrap="true">
                  <a onclick="toggleDetailsVisibility('com.app.android.AndroidTest_validateInvalidEmail_byClass_FAIL4_exception')">org.openqa.selenium.NoSuchElementException: 
                     An element could not be located on the page using the given search parameters. (WARNING: The server did not provide any stacktrace
                     information)
                     Command duration or timeout: 166 milliseconds
                     For documentation on this error, please visit: http://seleniumhq.org/exceptions/no_such_element.html
                     Build info: version: 'unknown', revision: '2aa21c1', time: '2016-08-02 14:59:43 -0700'
                     System info: host: 'PHL18DLLP72', ip: '192.168.100.107', os.name: 'Windows 7', os.arch: 'amd64', os.version: '6.1', java.version:
                     '1.8.0_101'
                     Driver info: io.appium.java_client.android.AndroidDriver
                     Capabilities [{app=C:\\Users\\ukumar\\Desktop\\Appium\\de.komoot.android-7.2.8-www.APK4Fun.com.apk, networkConnectionEnabled=true,
                     warnings={}, databaseEnabled=false, deviceName=emulator-5554, platform=ANDROID, desired={app=C:\\Users\\ukumar\\Desktop\\Appium\\de.komoot.android-7.2.8-www.APK4Fun.com.apk,
                     newCommandTimeout=30, platformName=Android, deviceName=AndroidDevice, platform=ANDROID}, newCommandTimeout=30, platformVersion=5.0.2,
                     webStorageEnabled=false, locationContextEnabled=false, browserName=Android, takesScreenshot=true, javascriptEnabled=true,
                     platformName=Android}]
                     Session ID: 920eebfe-48e8-420a-86d4-0fc88695a054
                     *** Element info: {Using=id, value=de.komoot.android:id/textview_login}
                     
                  </a>
                   
                  
               </td>
            </tr>
            <tr>
               <td colspan="4" class="detailsBox">
                  <div id="com.app.android.AndroidTest_validateInvalidEmail_byClass_FAIL4_details"
                       class="testMethodDetails">
                     <div>
                        <b>Name: </b>validateInvalidEmail
                     </div>
                     <div>
                        <b>Signature: </b>validateInvalidEmail(java.lang.String, java.lang.String)[pri:0, instance:com.app.android.AndroidTest@737996a0]
                     </div>
                     <div>
                        <b>Parameters: </b>
                        
                        testuser
                        
                        ,
                        
                        testpassword
                        
                        
                     </div>
                     <div>
                        <b>Start time: </b>00:47:29
                     </div>
                     <div>
                        <b>End time: </b>00:47:29
                     </div>
                     <div>
                        <b>Duration: </b>183 ms
                        
                     </div>
                  </div>
               </td>
            </tr>
            <tr>
               <td colspan="4" class="detailsBox">
                  <div id="com.app.android.AndroidTest_validateInvalidEmail_byClass_FAIL4_exception"
                       class="testMethodDetails">
                     <pre style="padding: 5px; margin: 0;">org.openqa.selenium.NoSuchElementException: An element could not be located on the page using the given search parameters.
                        (WARNING: The server did not provide any stacktrace information)
                        Command duration or timeout: 166 milliseconds
                        For documentation on this error, please visit: http://seleniumhq.org/exceptions/no_such_element.html
                        Build info: version: 'unknown', revision: '2aa21c1', time: '2016-08-02 14:59:43 -0700'
                        System info: host: 'PHL18DLLP72', ip: '192.168.100.107', os.name: 'Windows 7', os.arch: 'amd64', os.version: '6.1', java.version:
                        '1.8.0_101'
                        Driver info: io.appium.java_client.android.AndroidDriver
                        Capabilities [{app=C:\\Users\\ukumar\\Desktop\\Appium\\de.komoot.android-7.2.8-www.APK4Fun.com.apk, networkConnectionEnabled=true,
                        warnings={}, databaseEnabled=false, deviceName=emulator-5554, platform=ANDROID, desired={app=C:\\Users\\ukumar\\Desktop\\Appium\\de.komoot.android-7.2.8-www.APK4Fun.com.apk,
                        newCommandTimeout=30, platformName=Android, deviceName=AndroidDevice, platform=ANDROID}, newCommandTimeout=30, platformVersion=5.0.2,
                        webStorageEnabled=false, locationContextEnabled=false, browserName=Android, takesScreenshot=true, javascriptEnabled=true,
                        platformName=Android}]
                        Session ID: 920eebfe-48e8-420a-86d4-0fc88695a054
                        *** Element info: {Using=id, value=de.komoot.android:id/textview_login}
                        	at sun.reflect.NativeConstructorAccessorImpl.newInstance0(Native Method)
                        	at sun.reflect.NativeConstructorAccessorImpl.newInstance(Unknown Source)
                        	at sun.reflect.DelegatingConstructorAccessorImpl.newInstance(Unknown Source)
                        	at java.lang.reflect.Constructor.newInstance(Unknown Source)
                        	at org.openqa.selenium.remote.ErrorHandler.createThrowable(ErrorHandler.java:206)
                        	at org.openqa.selenium.remote.ErrorHandler.throwIfResponseFailed(ErrorHandler.java:158)
                        	at org.openqa.selenium.remote.RemoteWebDriver.execute(RemoteWebDriver.java:683)
                        	at io.appium.java_client.DefaultGenericMobileDriver.execute(DefaultGenericMobileDriver.java:42)
                        	at io.appium.java_client.AppiumDriver.execute(AppiumDriver.java:1)
                        	at io.appium.java_client.android.AndroidDriver.execute(AndroidDriver.java:1)
                        	at org.openqa.selenium.remote.RemoteWebDriver.findElement(RemoteWebDriver.java:377)
                        	at org.openqa.selenium.remote.RemoteWebDriver.findElementById(RemoteWebDriver.java:427)
                        	at io.appium.java_client.DefaultGenericMobileDriver.findElementById(DefaultGenericMobileDriver.java:62)
                        	at io.appium.java_client.AppiumDriver.findElementById(AppiumDriver.java:1)
                        	at io.appium.java_client.android.AndroidDriver.findElementById(AndroidDriver.java:1)
                        	at org.openqa.selenium.By$ById.findElement(By.java:218)
                        	at org.openqa.selenium.remote.RemoteWebDriver.findElement(RemoteWebDriver.java:369)
                        	at io.appium.java_client.DefaultGenericMobileDriver.findElement(DefaultGenericMobileDriver.java:52)
                        	at io.appium.java_client.AppiumDriver.findElement(AppiumDriver.java:1)
                        	at io.appium.java_client.android.AndroidDriver.findElement(AndroidDriver.java:1)
                        	at org.openqa.selenium.support.pagefactory.DefaultElementLocator.findElement(DefaultElementLocator.java:69)
                        	at org.openqa.selenium.support.pagefactory.internal.LocatingElementHandler.invoke(LocatingElementHandler.java:38)
                        	at com.sun.proxy.$Proxy9.click(Unknown Source)
                        	at com.app.POM.FirstLandingScreen.clickLoginHere(FirstLandingScreen.java:104)
                        	at com.app.android.AndroidTest.validateInvalidEmail(AndroidTest.java:154)
                        	at sun.reflect.NativeMethodAccessorImpl.invoke0(Native Method)
                        	at sun.reflect.NativeMethodAccessorImpl.invoke(Unknown Source)
                        	at sun.reflect.DelegatingMethodAccessorImpl.invoke(Unknown Source)
                        	at java.lang.reflect.Method.invoke(Unknown Source)
                        	at org.testng.internal.MethodInvocationHelper.invokeMethod(MethodInvocationHelper.java:85)
                        	at org.testng.internal.Invoker.invokeMethod(Invoker.java:639)
                        	at org.testng.internal.Invoker.retryFailed(Invoker.java:963)
                        	at org.testng.internal.Invoker.invokeTestMethods(Invoker.java:1142)
                        	at org.testng.internal.TestMethodWorker.invokeTestMethods(TestMethodWorker.java:125)
                        	at org.testng.internal.TestMethodWorker.run(TestMethodWorker.java:108)
                        	at org.testng.TestRunner.privateRun(TestRunner.java:774)
                        	at org.testng.TestRunner.run(TestRunner.java:624)
                        	at org.testng.SuiteRunner.runTest(SuiteRunner.java:359)
                        	at org.testng.SuiteRunner.access$000(SuiteRunner.java:39)
                        	at org.testng.SuiteRunner$SuiteWorker.run(SuiteRunner.java:393)
                        	at org.testng.internal.thread.ThreadUtil$2.call(ThreadUtil.java:64)
                        	at java.util.concurrent.FutureTask.run(Unknown Source)
                        	at java.util.concurrent.ThreadPoolExecutor.runWorker(Unknown Source)
                        	at java.util.concurrent.ThreadPoolExecutor$Worker.run(Unknown Source)
                        	at java.lang.Thread.run(Unknown Source)
                     </pre>
                  </div>
               </td>
            </tr>
            <tr id="com.app.android.AndroidTest_tearDown_byClass_PASS5_row"
                class="testMethodStatusPASS testMethodStatusCONF">
               <td width="100%" class="firstMethodCell">
                  <a onclick="toggleDetailsVisibility('com.app.android.AndroidTest_tearDown_byClass_PASS5_details')">tearDown()</a>
               </td>
               <td nowrap="true">00:47:31</td>
               <td nowrap="true" align="right">1s
                  
               </td>
               <td nowrap="true">
                   
                  
               </td>
            </tr>
            <tr>
               <td colspan="4" class="detailsBox">
                  <div id="com.app.android.AndroidTest_tearDown_byClass_PASS5_details"
                       class="testMethodDetails">
                     <div>
                        <b>Name: </b>tearDown
                     </div>
                     <div>
                        <b>Signature: </b>tearDown()[pri:0, instance:com.app.android.AndroidTest@737996a0]
                     </div>
                     <div>
                        <b>Start time: </b>00:47:31
                     </div>
                     <div>
                        <b>End time: </b>00:47:32
                     </div>
                     <div>
                        <b>Duration: </b>1s
                        
                     </div>
                  </div>
               </td>
            </tr>
            <tr></tr>
         </table>
         <br></br>
      </div>
      <div style="margin-top: 15px; color: gray; text-align: center; font-size: 9px;">
         Generated with
         
         <a href="http://code.google.com/p/testng-xslt/" style="color: #8888aa;"
            target="_blank">
            TestNG XSLT
            
         </a>
      </div>
   </body>
</html>